#
# There is insufficient memory for the Java Runtime Environment to continue.
# Native memory allocation (mmap) failed to map 268435456 bytes for Failed to commit area from 0x0000000700c00000 to 0x0000000710c00000 of length 268435456.
# Possible reasons:
#   The system is out of physical RAM or swap space
#   The process is running with CompressedOops enabled, and the Java Heap may be blocking the growth of the native heap
# Possible solutions:
#   Reduce memory load on the system
#   Increase physical memory or swap space
#   Check if swap backing store is full
#   Decrease Java heap size (-Xmx/-Xms)
#   Decrease number of Java threads
#   Decrease Java thread stack sizes (-Xss)
#   Set larger code cache with -XX:ReservedCodeCacheSize=
# This output file may be truncated or incomplete.
#
#  Out of Memory Error (./src/hotspot/os/windows/os_windows.cpp:3301), pid=5624, tid=3284
#
# JRE version:  (11.0.10) (build )
# Java VM: OpenJDK 64-Bit Server VM (11.0.10+0-b96-7249189, mixed mode, sharing, tiered, compressed oops, g1 gc, windows-amd64)
# No core dump will be written. Minidumps are not enabled by default on client versions of Windows
#

---------------  S U M M A R Y ------------

Command Line: org.jetbrains.kotlin.cli.jvm.K2JVMCompiler @C:\Users\juani\Dropbox\Apps\GroceryAp\app\build\20220111_11020303475698452312.compiler.options

Host: AMD Ryzen 5 2600 Six-Core Processor            , 12 cores, 15G,  Windows 10 , 64 bit Build 22504 (10.0.22504.1000)
Time: Tue Jan 11 16:09:29 2022 Argentina Standard Time elapsed time: 0.013469 seconds (0d 0h 0m 0s)

---------------  T H R E A D  ---------------

Current thread (0x000001e457d16800):  JavaThread "Unknown thread" [_thread_in_vm, id=3284, stack(0x00000041aab00000,0x00000041aac00000)]

Stack: [0x00000041aab00000,0x00000041aac00000]
Native frames: (J=compiled Java code, j=interpreted, Vv=VM code, C=native code)
V  [jvm.dll+0x5ecfaa]
V  [jvm.dll+0x722bd5]
V  [jvm.dll+0x72412d]
V  [jvm.dll+0x7247e3]
V  [jvm.dll+0x242928]
V  [jvm.dll+0x5ea374]
V  [jvm.dll+0x5df425]
V  [jvm.dll+0x2fdebb]
V  [jvm.dll+0x2fde2a]
V  [jvm.dll+0x2fdd02]
V  [jvm.dll+0x302bf6]
V  [jvm.dll+0x34b2a3]
V  [jvm.dll+0x34b9a6]
V  [jvm.dll+0x34b3a3]
V  [jvm.dll+0x2d8888]
V  [jvm.dll+0x2d9a37]
V  [jvm.dll+0x701737]
V  [jvm.dll+0x702f2c]
V  [jvm.dll+0x3587d9]
V  [jvm.dll+0x6e4fae]
V  [jvm.dll+0x3c0be3]
V  [jvm.dll+0x3c2e91]
C  [jli.dll+0x5373]
C  [ucrtbase.dll+0x293cc]
C  [KERNEL32.DLL+0x16ab0]
C  [ntdll.dll+0x51edb]


---------------  P R O C E S S  ---------------

Threads class SMR info:
_java_thread_list=0x000001e455a86c90, length=0, elements={
}

Java Threads: ( => current thread )

Other Threads:
  0x000001e457d2e000 GCTaskThread "GC Thread#0" [stack: 0x00000041aac00000,0x00000041aad00000] [id=16172]
  0x000001e457d8a800 ConcurrentGCThread "G1 Main Marker" [stack: 0x00000041aad00000,0x00000041aae00000] [id=11420]
  0x000001e457d8c000 ConcurrentGCThread "G1 Conc#0" [stack: 0x00000041aae00000,0x00000041aaf00000] [id=5500]

[error occurred during error reporting (printing all threads), id 0xc0000005, EXCEPTION_ACCESS_VIOLATION (0xc0000005) at pc=0x00007fff07a89107]

VM state:not at safepoint (not fully initialized)

VM Mutex/Monitor currently owned by a thread:  ([mutex/lock_event])
[0x000001e457d11c90] Heap_lock - owner thread: 0x000001e457d16800

Heap address: 0x0000000700c00000, size: 4084 MB, Compressed Oops mode: Non-zero based: 0x0000000700c00000
Narrow klass base: 0x0000000000000000, Narrow klass shift: 0

GC Heap History (0 events):
No events

Deoptimization events (0 events):
No events

Classes redefined (0 events):
No events

Internal exceptions (0 events):
No events

Events (1 events):
Event: 0.006 Loaded shared library C:\Program Files\Android\Android Studio\jre\bin\zip.dll


Dynamic libraries:
0x00007ff670eb0000 - 0x00007ff670eba000 	C:\Program Files\Android\Android Studio\jre\bin\java.exe
0x00007fff6ad20000 - 0x00007fff6af2f000 	C:\WINDOWS\SYSTEM32\ntdll.dll
0x00007fff69990000 - 0x00007fff69a4d000 	C:\WINDOWS\System32\KERNEL32.DLL
0x00007fff686d0000 - 0x00007fff68a5c000 	C:\WINDOWS\System32\KERNELBASE.dll
0x00007fff685b0000 - 0x00007fff686c1000 	C:\WINDOWS\System32\ucrtbase.dll
0x00007fff3d3e0000 - 0x00007fff3d3f7000 	C:\Program Files\Android\Android Studio\jre\bin\VCRUNTIME140.dll
0x00007fff44110000 - 0x00007fff44129000 	C:\Program Files\Android\Android Studio\jre\bin\jli.dll
0x00007fff69390000 - 0x00007fff69536000 	C:\WINDOWS\System32\USER32.dll
0x00007fff58cc0000 - 0x00007fff58f61000 	C:\WINDOWS\WinSxS\amd64_microsoft.windows.common-controls_6595b64144ccf1df_6.0.22504.1000_none_2709b324c11a8942\COMCTL32.dll
0x00007fff683c0000 - 0x00007fff683e6000 	C:\WINDOWS\System32\win32u.dll
0x00007fff69540000 - 0x00007fff695e4000 	C:\WINDOWS\System32\msvcrt.dll
0x00007fff6a270000 - 0x00007fff6a299000 	C:\WINDOWS\System32\GDI32.dll
0x00007fff68a60000 - 0x00007fff68b77000 	C:\WINDOWS\System32\gdi32full.dll
0x00007fff681e0000 - 0x00007fff6827a000 	C:\WINDOWS\System32\msvcp_win.dll
0x00007fff69010000 - 0x00007fff69041000 	C:\WINDOWS\System32\IMM32.DLL
0x00007fff0e970000 - 0x00007fff0ea0d000 	C:\Program Files\Android\Android Studio\jre\bin\msvcp140.dll
0x00007fff077a0000 - 0x00007fff0826f000 	C:\Program Files\Android\Android Studio\jre\bin\server\jvm.dll
0x00007fff690d0000 - 0x00007fff6917e000 	C:\WINDOWS\System32\ADVAPI32.dll
0x00007fff698e0000 - 0x00007fff69981000 	C:\WINDOWS\System32\sechost.dll
0x00007fff696a0000 - 0x00007fff697bf000 	C:\WINDOWS\System32\RPCRT4.dll
0x00007fff6a380000 - 0x00007fff6a388000 	C:\WINDOWS\System32\PSAPI.DLL
0x00007fff629f0000 - 0x00007fff62a24000 	C:\WINDOWS\SYSTEM32\WINMM.dll
0x00007fff65350000 - 0x00007fff65359000 	C:\WINDOWS\SYSTEM32\WSOCK32.dll
0x00007fff60a40000 - 0x00007fff60a4a000 	C:\WINDOWS\SYSTEM32\VERSION.dll
0x00007fff69050000 - 0x00007fff690c1000 	C:\WINDOWS\System32\WS2_32.dll
0x00007fff672a0000 - 0x00007fff672b8000 	C:\WINDOWS\SYSTEM32\kernel.appcore.dll
0x00007fff63810000 - 0x00007fff63821000 	C:\Program Files\Android\Android Studio\jre\bin\verify.dll
0x00007fff61410000 - 0x00007fff61636000 	C:\WINDOWS\SYSTEM32\DBGHELP.DLL
0x00007fff68c60000 - 0x00007fff68fd8000 	C:\WINDOWS\System32\combase.dll
0x00007fff56010000 - 0x00007fff56041000 	C:\WINDOWS\SYSTEM32\dbgcore.DLL
0x00007fff68280000 - 0x00007fff68300000 	C:\WINDOWS\System32\bcryptPrimitives.dll
0x00007fff5b170000 - 0x00007fff5b199000 	C:\Program Files\Android\Android Studio\jre\bin\java.dll
0x00007fff63aa0000 - 0x00007fff63aab000 	C:\Program Files\Android\Android Studio\jre\bin\jimage.dll
0x00007fff5ad70000 - 0x00007fff5ad88000 	C:\Program Files\Android\Android Studio\jre\bin\zip.dll

dbghelp: loaded successfully - version: 4.0.5 - missing functions: none
symbol engine: initialized successfully - sym options: 0x614 - pdb path: .;C:\Program Files\Android\Android Studio\jre\bin;C:\WINDOWS\SYSTEM32;C:\WINDOWS\WinSxS\amd64_microsoft.windows.common-controls_6595b64144ccf1df_6.0.22504.1000_none_2709b324c11a8942;C:\Program Files\Android\Android Studio\jre\bin\server

VM Arguments:
java_command: org.jetbrains.kotlin.cli.jvm.K2JVMCompiler @C:\Users\juani\Dropbox\Apps\GroceryAp\app\build\20220111_11020303475698452312.compiler.options
java_class_path (initial): C:\Users\juani\.gradle\caches\modules-2\files-2.1\org.jetbrains.kotlin\kotlin-compiler-embeddable\1.6.10\88f2073f4020cdb83132cfe940ceb9a60aba54ea\kotlin-compiler-embeddable-1.6.10.jar;C:\Users\juani\.gradle\caches\modules-2\files-2.1\org.jetbrains.kotlin\kotlin-reflect\1.6.10\1cbe9c92c12a94eea200d23c2bbaedaf3daf5132\kotlin-reflect-1.6.10.jar;C:\Users\juani\.gradle\caches\modules-2\files-2.1\org.jetbrains.kotlin\kotlin-stdlib\1.6.10\b8af3fe6f1ca88526914929add63cf5e7c5049af\kotlin-stdlib-1.6.10.jar;C:\Users\juani\.gradle\caches\modules-2\files-2.1\org.jetbrains.kotlin\kotlin-script-runtime\1.6.10\d0a7ff2e2500ef497ed0214ae40ad3c8387a6164\kotlin-script-runtime-1.6.10.jar;C:\Users\juani\.gradle\caches\modules-2\files-2.1\org.jetbrains.kotlin\kotlin-daemon-embeddable\1.6.10\a56d79bcbea411fa6058e4ecffc2de73e742bd2a\kotlin-daemon-embeddable-1.6.10.jar;C:\Users\juani\.gradle\caches\modules-2\files-2.1\org.jetbrains.intellij.deps\trove4j\1.0.20181211\216c2e14b070f334479d800987affe4054cd563f\trove4j-1.0.20181211.jar;C:\Users\juani\.gradle\caches\modules-2\files-2.1\net.java.dev.jna\jna\5.6.0\330f2244e9030119ab3030fc3fededc86713d9cc\jna-5.6.0.jar;C:\Users\juani\.gradle\caches\modules-2\files-2.1\org.jetbrains\annotations\13.0\919f0dfe192fb4e063e7dacadee7f8bb9a2672a9\annotations-13.0.jar;C:\Users\juani\.gradle\caches\modules-2\files-2.1\org.jetbrains.kotlin\kotlin-stdlib-common\1.6.10\c118700e3a33c8a0d9adc920e9dec0831171925\kotlin-stdlib-common-1.6.10.jar
Launcher Type: SUN_STANDARD

[Global flags]
     intx CICompilerCount                          = 4                                         {product} {ergonomic}
     uint ConcGCThreads                            = 3                                         {product} {ergonomic}
     uint G1ConcRefinementThreads                  = 10                                        {product} {ergonomic}
   size_t G1HeapRegionSize                         = 1048576                                   {product} {ergonomic}
    uintx GCDrainStackTargetSize                   = 64                                        {product} {ergonomic}
   size_t InitialHeapSize                          = 268435456                                 {product} {ergonomic}
   size_t MarkStackSize                            = 4194304                                   {product} {ergonomic}
   size_t MaxHeapSize                              = 4282384384                                {product} {ergonomic}
   size_t MinHeapDeltaBytes                        = 1048576                                   {product} {ergonomic}
    uintx NonNMethodCodeHeapSize                   = 5836300                                {pd product} {ergonomic}
    uintx NonProfiledCodeHeapSize                  = 122910970                              {pd product} {ergonomic}
    uintx ProfiledCodeHeapSize                     = 122910970                              {pd product} {ergonomic}
    uintx ReservedCodeCacheSize                    = 251658240                              {pd product} {ergonomic}
     bool SegmentedCodeCache                       = true                                      {product} {ergonomic}
     bool UseCompressedClassPointers               = true                                 {lp64_product} {ergonomic}
     bool UseCompressedOops                        = true                                 {lp64_product} {ergonomic}
     bool UseG1GC                                  = true                                      {product} {ergonomic}
     bool UseLargePagesIndividualAllocation        = false                                  {pd product} {ergonomic}

Logging:
Log output configuration:
 #0: stdout all=warning uptime,level,tags
 #1: stderr all=off uptime,level,tags

Environment Variables:
PATH=C:\Program Files\Microsoft\jdk-11.0.12.7-hotspot\bin;C:\ProgramData\Oracle\Java\javapath;E:\Euro truc simulator\mvware\bin\;C:\Program Files (x86)\Common Files\Oracle\Java\javapath;C:\WINDOWS\system32;C:\WINDOWS;C:\WINDOWS\System32\Wbem;C:\WINDOWS\System32\WindowsPowerShell\v1.0\;C:\WINDOWS\System32\OpenSSH\;C:\Program Files\dotnet\;C:\Program Files\PuTTY\;C:\Program Files\Git\cmd;C:\Program Files\nodejs\;C:\ProgramData\chocolatey\bin;C:\Program Files (x86)\Windows Kits\10\Windows Performance Toolkit\;C:\Users\juani\AppData\Local\Programs\Python\Python38\Scripts\;C:\Users\juani\AppData\Local\Programs\Python\Python38\;C:\Users\juani\AppData\Local\Programs\Python\Python37\Scripts\;C:\Users\juani\AppData\Local\Programs\Python\Python37\;C:\Program Files\MySQL\MySQL Shell 8.0\bin\;C:\Users\juani\AppData\Local\Microsoft\WindowsApps;C:\Program Files (x86)\mingw-w64\i686-8.1.0-posix-dwarf-rt_v6-rev0\mingw32\bin;C:\Program Files\JetBrains\IntelliJ IDEA Community Edition 2021.2.2\bin;C:\Users\juani\AppData\Local\Microsoft\WindowsApps;C:\Program Files\heroku\bin;C:\Users\juani\AppData\Local\Programs\Microsoft VS Code\bin;C:\Users\juani\AppData\Roaming\npm;C:\Users\juani\.dotnet\tools;C:\Users\juani\AppData\Local\Packages\PythonSoftwareFoundation.Python.3.9_qbz5n2kfra8p0\LocalCache\local-packages\Python39\Scripts;C:\Users\juani\AppData\Local\Packages\PythonSoftwareFoundation.Python.3.9_qbz5n2kfra8p0\LocalCache\local-packages\Python39;c:\users\juani\.local\bin;C:\Users\juani\.local\pipx\venvs\eth-brownie\Scripts;
USERNAME=juani
OS=Windows_NT
PROCESSOR_IDENTIFIER=AMD64 Family 23 Model 8 Stepping 2, AuthenticAMD



---------------  S Y S T E M  ---------------

OS: Windows 10 , 64 bit Build 22504 (10.0.22504.1000)
OS uptime: 0 days 2:26 hours

CPU:total 12 (initial active 12) (12 cores per cpu, 2 threads per core) family 23 model 8 stepping 2 microcode 0x0, cmov, cx8, fxsr, mmx, sse, sse2, sse3, ssse3, sse4.1, sse4.2, popcnt, avx, avx2, aes, clmul, mmxext, 3dnowpref, lzcnt, sse4a, ht, tsc, tscinvbit, tscinv, bmi1, bmi2, adx, s

Memory: 4k page, system-wide physical 16332M (3945M free)
TotalPageFile size 16332M (AvailPageFile size 148M)
current process WorkingSet (physical memory assigned to process): 10M, peak: 10M
current process commit charge ("private bytes"): 64M, peak: 320M

vm_info: OpenJDK 64-Bit Server VM (11.0.10+0-b96-7249189) for windows-amd64 JRE (11.0.10+0-b96-7249189), built on Mar 31 2021 21:44:00 by "builder" with MS VC++ 14.0 (VS2015)

END.
